0 info it worked if it ends with ok
1 verbose cli [ 'nodejs', '/usr/bin/npm', 'start' ]
2 info using npm@1.2.2
3 info using node@v0.8.18
4 verbose read json /home/ganglio/Desktop/Ang/package.json
5 verbose run-script [ 'prestart', 'start', 'poststart' ]
6 info prestart Angular_ToDo@0.0.1
7 info start Angular_ToDo@0.0.1
8 verbose unsafe-perm in lifecycle true
9 silly exec sh "-c" "node lib/app.js"
10 silly sh,-c,node lib/app.js,/home/ganglio/Desktop/Ang spawning
11 info Angular_ToDo@0.0.1 Failed to exec start script
12 error Angular_ToDo@0.0.1 start: `node lib/app.js`
12 error `sh "-c" "node lib/app.js"` failed with 1
13 error Failed at the Angular_ToDo@0.0.1 start script.
13 error This is most likely a problem with the Angular_ToDo package,
13 error not with npm itself.
13 error Tell the author that this fails on your system:
13 error     node lib/app.js
13 error You can get their info via:
13 error     npm owner ls Angular_ToDo
13 error There is likely additional logging output above.
14 error System Linux 3.2.0-37-generic
15 error command "nodejs" "/usr/bin/npm" "start"
16 error cwd /home/ganglio/Desktop/Ang
17 error node -v v0.8.18
18 error npm -v 1.2.2
19 error code ELIFECYCLE
20 verbose exit [ 1, true ]
